#! /usr/local/bin/vvp
:ivl_version "11.0 (devel)" "(s20150603-207-g3e52b2b)";
:ivl_delay_selection "TYPICAL";
:vpi_time_precision + 0;
:vpi_module "system";
:vpi_module "vhdl_sys";
:vpi_module "vhdl_textio";
:vpi_module "v2005_math";
:vpi_module "va_math";
S_0x7fc5ea501380 .scope module, "main" "main" 2 1;
 .timescale 0 0;
    .scope S_0x7fc5ea501380;
T_0 ;
    %vpi_call 2 4 "$display", "learning verilog is very easy" {0 0 0};
    %vpi_call 2 5 "$finish" {0 0 0};
    %end;
    .thread T_0;
# The file index is used to find the file name in the following table.
:file_names 3;
    "N/A";
    "<interactive>";
    "hello_world.v";
